# JRE version: Java(TM) SE Runtime Environment (8.0_60-b27) (build 1.8.0_60-b27)
# Java VM: Java HotSpot(TM) 64-Bit Server VM (25.60-b23 mixed mode windows-amd64 compressed oops)
Heap:
 PSYoungGen      total 232960K, used 210732K [0x00000000eab00000, 0x0000000100000000, 0x0000000100000000)
  eden space 116736K, 100% used [0x00000000eab00000,0x00000000f1d00000,0x00000000f1d00000)
  from space 116224K, 80% used [0x00000000f1d00000,0x00000000f78cb048,0x00000000f8e80000)
  to   space 116224K, 39% used [0x00000000f8e80000,0x00000000fbbd7000,0x0000000100000000)
 ParOldGen       total 523264K, used 492926K [0x00000000c0000000, 0x00000000dff00000, 0x00000000eab00000)
  object space 523264K, 94% used [0x00000000c0000000,0x00000000de15f800,0x00000000dff00000)
 Metaspace       used 6652K, capacity 7320K, committed 7680K, reserved 1056768K
  class space    used 627K, capacity 656K, committed 768K, reserved 1048576K
GC Heap History (10 events):
Event: 21.558 GC heap after
Heap after GC invocations=26 (full 4):
 PSYoungGen      total 232960K, used 59773K [0x00000000eab00000, 0x0000000100000000, 0x0000000100000000)
  eden space 116736K, 0% used [0x00000000eab00000,0x00000000eab00000,0x00000000f1d00000)
  from space 116224K, 51% used [0x00000000f8e80000,0x00000000fc8df618,0x0000000100000000)
  to   space 116224K, 0% used [0x00000000f1d00000,0x00000000f1d00000,0x00000000f8e80000)
 ParOldGen       total 367104K, used 329123K [0x00000000c0000000, 0x00000000d6680000, 0x00000000eab00000)
  object space 367104K, 89% used [0x00000000c0000000,0x00000000d4168ca0,0x00000000d6680000)
 Metaspace       used 6640K, capacity 7320K, committed 7680K, reserved 1056768K
  class space    used 625K, capacity 656K, committed 768K, reserved 1048576K
}
Event: 21.558 GC heap before
{Heap before GC invocations=27 (full 5):
 PSYoungGen      total 232960K, used 59773K [0x00000000eab00000, 0x0000000100000000, 0x0000000100000000)
  eden space 116736K, 0% used [0x00000000eab00000,0x00000000eab00000,0x00000000f1d00000)
  from space 116224K, 51% used [0x00000000f8e80000,0x00000000fc8df618,0x0000000100000000)
  to   space 116224K, 0% used [0x00000000f1d00000,0x00000000f1d00000,0x00000000f8e80000)
 ParOldGen       total 367104K, used 329123K [0x00000000c0000000, 0x00000000d6680000, 0x00000000eab00000)
  object space 367104K, 89% used [0x00000000c0000000,0x00000000d4168ca0,0x00000000d6680000)
 Metaspace       used 6640K, capacity 7320K, committed 7680K, reserved 1056768K
  class space    used 625K, capacity 656K, committed 768K, reserved 1048576K
Event: 23.068 GC heap after
Heap after GC invocations=27 (full 5):
 PSYoungGen      total 232960K, used 16094K [0x00000000eab00000, 0x0000000100000000, 0x0000000100000000)
  eden space 116736K, 0% used [0x00000000eab00000,0x00000000eab00000,0x00000000f1d00000)
  from space 116224K, 13% used [0x00000000f8e80000,0x00000000f9e37910,0x0000000100000000)
  to   space 116224K, 0% used [0x00000000f1d00000,0x00000000f1d00000,0x00000000f8e80000)
 ParOldGen       total 523264K, used 367050K [0x00000000c0000000, 0x00000000dff00000, 0x00000000eab00000)
  object space 523264K, 70% used [0x00000000c0000000,0x00000000d6672898,0x00000000dff00000)
 Metaspace       used 6640K, capacity 7320K, committed 7680K, reserved 1056768K
  class space    used 625K, capacity 656K, committed 768K, reserved 1048576K
}
Event: 23.498 GC heap before
{Heap before GC invocations=28 (full 5):
 PSYoungGen      total 232960K, used 132830K [0x00000000eab00000, 0x0000000100000000, 0x0000000100000000)
  eden space 116736K, 100% used [0x00000000eab00000,0x00000000f1d00000,0x00000000f1d00000)
  from space 116224K, 13% used [0x00000000f8e80000,0x00000000f9e37910,0x0000000100000000)
  to   space 116224K, 0% used [0x00000000f1d00000,0x00000000f1d00000,0x00000000f8e80000)
 ParOldGen       total 523264K, used 367050K [0x00000000c0000000, 0x00000000dff00000, 0x00000000eab00000)
  object space 523264K, 70% used [0x00000000c0000000,0x00000000d6672898,0x00000000dff00000)
 Metaspace       used 6650K, capacity 7320K, committed 7680K, reserved 1056768K
  class space    used 627K, capacity 656K, committed 768K, reserved 1048576K
Event: 23.683 GC heap after
Heap after GC invocations=28 (full 5):
 PSYoungGen      total 232960K, used 27823K [0x00000000eab00000, 0x0000000100000000, 0x0000000100000000)
  eden space 116736K, 0% used [0x00000000eab00000,0x00000000eab00000,0x00000000f1d00000)
  from space 116224K, 23% used [0x00000000f1d00000,0x00000000f382be40,0x00000000f8e80000)
  to   space 116224K, 0% used [0x00000000f8e80000,0x00000000f8e80000,0x0000000100000000)
 ParOldGen       total 523264K, used 377150K [0x00000000c0000000, 0x00000000dff00000, 0x00000000eab00000)
  object space 523264K, 72% used [0x00000000c0000000,0x00000000d704fba0,0x00000000dff00000)
 Metaspace       used 6650K, capacity 7320K, committed 7680K, reserved 1056768K
  class space    used 627K, capacity 656K, committed 768K, reserved 1048576K
}
Event: 24.120 GC heap before
{Heap before GC invocations=29 (full 5):
 PSYoungGen      total 232960K, used 144559K [0x00000000eab00000, 0x0000000100000000, 0x0000000100000000)
  eden space 116736K, 100% used [0x00000000eab00000,0x00000000f1d00000,0x00000000f1d00000)
  from space 116224K, 23% used [0x00000000f1d00000,0x00000000f382be40,0x00000000f8e80000)
  to   space 116224K, 0% used [0x00000000f8e80000,0x00000000f8e80000,0x0000000100000000)
 ParOldGen       total 523264K, used 377150K [0x00000000c0000000, 0x00000000dff00000, 0x00000000eab00000)
  object space 523264K, 72% used [0x00000000c0000000,0x00000000d704fba0,0x00000000dff00000)
 Metaspace       used 6652K, capacity 7320K, committed 7680K, reserved 1056768K
  class space    used 627K, capacity 656K, committed 768K, reserved 1048576K
Event: 24.178 GC heap after
Heap after GC invocations=29 (full 5):
 PSYoungGen      total 232960K, used 25917K [0x00000000eab00000, 0x0000000100000000, 0x0000000100000000)
  eden space 116736K, 0% used [0x00000000eab00000,0x00000000eab00000,0x00000000f1d00000)
  from space 116224K, 22% used [0x00000000f8e80000,0x00000000fa7cf4b8,0x0000000100000000)
  to   space 116224K, 0% used [0x00000000f1d00000,0x00000000f1d00000,0x00000000f8e80000)
 ParOldGen       total 523264K, used 397869K [0x00000000c0000000, 0x00000000dff00000, 0x00000000eab00000)
  object space 523264K, 76% used [0x00000000c0000000,0x00000000d848b458,0x00000000dff00000)
 Metaspace       used 6652K, capacity 7320K, committed 7680K, reserved 1056768K
  class space    used 627K, capacity 656K, committed 768K, reserved 1048576K
}
Event: 24.807 GC heap before
{Heap before GC invocations=30 (full 5):
 PSYoungGen      total 232960K, used 142653K [0x00000000eab00000, 0x0000000100000000, 0x0000000100000000)
  eden space 116736K, 100% used [0x00000000eab00000,0x00000000f1d00000,0x00000000f1d00000)
  from space 116224K, 22% used [0x00000000f8e80000,0x00000000fa7cf4b8,0x0000000100000000)
  to   space 116224K, 0% used [0x00000000f1d00000,0x00000000f1d00000,0x00000000f8e80000)
 ParOldGen       total 523264K, used 397869K [0x00000000c0000000, 0x00000000dff00000, 0x00000000eab00000)
  object space 523264K, 76% used [0x00000000c0000000,0x00000000d848b458,0x00000000dff00000)
 Metaspace       used 6652K, capacity 7320K, committed 7680K, reserved 1056768K
  class space    used 627K, capacity 656K, committed 768K, reserved 1048576K
Event: 24.866 GC heap after
Heap after GC invocations=30 (full 5):
 PSYoungGen      total 232960K, used 93996K [0x00000000eab00000, 0x0000000100000000, 0x0000000100000000)
  eden space 116736K, 0% used [0x00000000eab00000,0x00000000eab00000,0x00000000f1d00000)
  from space 116224K, 80% used [0x00000000f1d00000,0x00000000f78cb048,0x00000000f8e80000)
  to   space 116224K, 0% used [0x00000000f8e80000,0x00000000f8e80000,0x0000000100000000)
 ParOldGen       total 523264K, used 397869K [0x00000000c0000000, 0x00000000dff00000, 0x00000000eab00000)
  object space 523264K, 76% used [0x00000000c0000000,0x00000000d848b458,0x00000000dff00000)
 Metaspace       used 6652K, capacity 7320K, committed 7680K, reserved 1056768K
  class space    used 627K, capacity 656K, committed 768K, reserved 1048576K
}
Event: 25.007 GC heap before
{Heap before GC invocations=31 (full 5):
 PSYoungGen      total 232960K, used 210732K [0x00000000eab00000, 0x0000000100000000, 0x0000000100000000)
  eden space 116736K, 100% used [0x00000000eab00000,0x00000000f1d00000,0x00000000f1d00000)
  from space 116224K, 80% used [0x00000000f1d00000,0x00000000f78cb048,0x00000000f8e80000)
  to   space 116224K, 0% used [0x00000000f8e80000,0x00000000f8e80000,0x0000000100000000)
 ParOldGen       total 523264K, used 397869K [0x00000000c0000000, 0x00000000dff00000, 0x00000000eab00000)
  object space 523264K, 76% used [0x00000000c0000000,0x00000000d848b458,0x00000000dff00000)
 Metaspace       used 6652K, capacity 7320K, committed 7680K, reserved 1056768K
  class space    used 627K, capacity 656K, committed 768K, reserved 1048576K

