# JRE version: Java(TM) SE Runtime Environment (8.0_60-b27) (build 1.8.0_60-b27)
# Java VM: Java HotSpot(TM) 64-Bit Server VM (25.60-b23 mixed mode windows-amd64 compressed oops)
Heap:
 PSYoungGen      total 267264K, used 253789K [0x00000000eab00000, 0x00000000fd900000, 0x0000000100000000)
  eden space 246784K, 100% used [0x00000000eab00000,0x00000000f9c00000,0x00000000f9c00000)
  from space 20480K, 34% used [0x00000000fb700000,0x00000000fbdd7428,0x00000000fcb00000)
  to   space 27648K, 99% used [0x00000000f9c00000,0x00000000fb6fdf80,0x00000000fb700000)
 ParOldGen       total 83456K, used 60614K [0x00000000c0000000, 0x00000000c5180000, 0x00000000eab00000)
  object space 83456K, 72% used [0x00000000c0000000,0x00000000c3b31820,0x00000000c5180000)
 Metaspace       used 6574K, capacity 7320K, committed 7680K, reserved 1056768K
  class space    used 624K, capacity 656K, committed 768K, reserved 1048576K
GC Heap History (10 events):
Event: 1.169 GC heap after
Heap after GC invocations=5 (full 0):
 PSYoungGen      total 68096K, used 2540K [0x00000000eab00000, 0x00000000f3800000, 0x0000000100000000)
  eden space 65536K, 0% used [0x00000000eab00000,0x00000000eab00000,0x00000000eeb00000)
  from space 2560K, 99% used [0x00000000eeb00000,0x00000000eed7b330,0x00000000eed80000)
  to   space 6656K, 0% used [0x00000000f3180000,0x00000000f3180000,0x00000000f3800000)
 ParOldGen       total 44032K, used 5518K [0x00000000c0000000, 0x00000000c2b00000, 0x00000000eab00000)
  object space 44032K, 12% used [0x00000000c0000000,0x00000000c0563af0,0x00000000c2b00000)
 Metaspace       used 5968K, capacity 6896K, committed 7040K, reserved 1056768K
  class space    used 600K, capacity 616K, committed 640K, reserved 1048576K
}
Event: 1.765 GC heap before
{Heap before GC invocations=6 (full 0):
 PSYoungGen      total 68096K, used 68076K [0x00000000eab00000, 0x00000000f3800000, 0x0000000100000000)
  eden space 65536K, 100% used [0x00000000eab00000,0x00000000eeb00000,0x00000000eeb00000)
  from space 2560K, 99% used [0x00000000eeb00000,0x00000000eed7b330,0x00000000eed80000)
  to   space 6656K, 0% used [0x00000000f3180000,0x00000000f3180000,0x00000000f3800000)
 ParOldGen       total 44032K, used 5518K [0x00000000c0000000, 0x00000000c2b00000, 0x00000000eab00000)
  object space 44032K, 12% used [0x00000000c0000000,0x00000000c0563af0,0x00000000c2b00000)
 Metaspace       used 6275K, capacity 7152K, committed 7296K, reserved 1056768K
  class space    used 602K, capacity 616K, committed 640K, reserved 1048576K
Event: 1.796 GC heap after
Heap after GC invocations=6 (full 0):
 PSYoungGen      total 133632K, used 6635K [0x00000000eab00000, 0x00000000f4000000, 0x0000000100000000)
  eden space 126976K, 0% used [0x00000000eab00000,0x00000000eab00000,0x00000000f2700000)
  from space 6656K, 99% used [0x00000000f3180000,0x00000000f37fafe8,0x00000000f3800000)
  to   space 10752K, 0% used [0x00000000f2700000,0x00000000f2700000,0x00000000f3180000)
 ParOldGen       total 44032K, used 10773K [0x00000000c0000000, 0x00000000c2b00000, 0x00000000eab00000)
  object space 44032K, 24% used [0x00000000c0000000,0x00000000c0a855a0,0x00000000c2b00000)
 Metaspace       used 6275K, capacity 7152K, committed 7296K, reserved 1056768K
  class space    used 602K, capacity 616K, committed 640K, reserved 1048576K
}
Event: 2.428 GC heap before
{Heap before GC invocations=7 (full 0):
 PSYoungGen      total 133632K, used 133611K [0x00000000eab00000, 0x00000000f4000000, 0x0000000100000000)
  eden space 126976K, 100% used [0x00000000eab00000,0x00000000f2700000,0x00000000f2700000)
  from space 6656K, 99% used [0x00000000f3180000,0x00000000f37fafe8,0x00000000f3800000)
  to   space 10752K, 0% used [0x00000000f2700000,0x00000000f2700000,0x00000000f3180000)
 ParOldGen       total 44032K, used 10773K [0x00000000c0000000, 0x00000000c2b00000, 0x00000000eab00000)
  object space 44032K, 24% used [0x00000000c0000000,0x00000000c0a855a0,0x00000000c2b00000)
 Metaspace       used 6366K, capacity 7216K, committed 7296K, reserved 1056768K
  class space    used 603K, capacity 616K, committed 640K, reserved 1048576K
Event: 2.475 GC heap after
Heap after GC invocations=7 (full 0):
 PSYoungGen      total 137728K, used 10739K [0x00000000eab00000, 0x00000000fcb00000, 0x0000000100000000)
  eden space 126976K, 0% used [0x00000000eab00000,0x00000000eab00000,0x00000000f2700000)
  from space 10752K, 99% used [0x00000000f2700000,0x00000000f317ce30,0x00000000f3180000)
  to   space 20480K, 0% used [0x00000000fb700000,0x00000000fb700000,0x00000000fcb00000)
 ParOldGen       total 44032K, used 25723K [0x00000000c0000000, 0x00000000c2b00000, 0x00000000eab00000)
  object space 44032K, 58% used [0x00000000c0000000,0x00000000c191ef28,0x00000000c2b00000)
 Metaspace       used 6366K, capacity 7216K, committed 7296K, reserved 1056768K
  class space    used 603K, capacity 616K, committed 640K, reserved 1048576K
}
Event: 3.141 GC heap before
{Heap before GC invocations=8 (full 0):
 PSYoungGen      total 137728K, used 137715K [0x00000000eab00000, 0x00000000fcb00000, 0x0000000100000000)
  eden space 126976K, 100% used [0x00000000eab00000,0x00000000f2700000,0x00000000f2700000)
  from space 10752K, 99% used [0x00000000f2700000,0x00000000f317ce30,0x00000000f3180000)
  to   space 20480K, 0% used [0x00000000fb700000,0x00000000fb700000,0x00000000fcb00000)
 ParOldGen       total 44032K, used 25723K [0x00000000c0000000, 0x00000000c2b00000, 0x00000000eab00000)
  object space 44032K, 58% used [0x00000000c0000000,0x00000000c191ef28,0x00000000c2b00000)
 Metaspace       used 6493K, capacity 7256K, committed 7424K, reserved 1056768K
  class space    used 624K, capacity 656K, committed 768K, reserved 1048576K
Event: 3.182 GC heap after
Heap after GC invocations=8 (full 0):
 PSYoungGen      total 267264K, used 20469K [0x00000000eab00000, 0x00000000fd900000, 0x0000000100000000)
  eden space 246784K, 0% used [0x00000000eab00000,0x00000000eab00000,0x00000000f9c00000)
  from space 20480K, 99% used [0x00000000fb700000,0x00000000fcafd7f8,0x00000000fcb00000)
  to   space 27648K, 0% used [0x00000000f9c00000,0x00000000f9c00000,0x00000000fb700000)
 ParOldGen       total 44032K, used 33307K [0x00000000c0000000, 0x00000000c2b00000, 0x00000000eab00000)
  object space 44032K, 75% used [0x00000000c0000000,0x00000000c2086c48,0x00000000c2b00000)
 Metaspace       used 6493K, capacity 7256K, committed 7424K, reserved 1056768K
  class space    used 624K, capacity 656K, committed 768K, reserved 1048576K
}
Event: 3.182 GC heap before
{Heap before GC invocations=9 (full 1):
 PSYoungGen      total 267264K, used 20469K [0x00000000eab00000, 0x00000000fd900000, 0x0000000100000000)
  eden space 246784K, 0% used [0x00000000eab00000,0x00000000eab00000,0x00000000f9c00000)
  from space 20480K, 99% used [0x00000000fb700000,0x00000000fcafd7f8,0x00000000fcb00000)
  to   space 27648K, 0% used [0x00000000f9c00000,0x00000000f9c00000,0x00000000fb700000)
 ParOldGen       total 44032K, used 33307K [0x00000000c0000000, 0x00000000c2b00000, 0x00000000eab00000)
  object space 44032K, 75% used [0x00000000c0000000,0x00000000c2086c48,0x00000000c2b00000)
 Metaspace       used 6493K, capacity 7256K, committed 7424K, reserved 1056768K
  class space    used 624K, capacity 656K, committed 768K, reserved 1048576K
Event: 3.545 GC heap after
Heap after GC invocations=9 (full 1):
 PSYoungGen      total 267264K, used 7005K [0x00000000eab00000, 0x00000000fd900000, 0x0000000100000000)
  eden space 246784K, 0% used [0x00000000eab00000,0x00000000eab00000,0x00000000f9c00000)
  from space 20480K, 34% used [0x00000000fb700000,0x00000000fbdd7428,0x00000000fcb00000)
  to   space 27648K, 0% used [0x00000000f9c00000,0x00000000f9c00000,0x00000000fb700000)
 ParOldGen       total 83456K, used 44016K [0x00000000c0000000, 0x00000000c5180000, 0x00000000eab00000)
  object space 83456K, 52% used [0x00000000c0000000,0x00000000c2afc148,0x00000000c5180000)
 Metaspace       used 6493K, capacity 7256K, committed 7424K, reserved 1056768K
  class space    used 624K, capacity 656K, committed 768K, reserved 1048576K
}
Event: 4.731 GC heap before
{Heap before GC invocations=10 (full 1):
 PSYoungGen      total 267264K, used 253789K [0x00000000eab00000, 0x00000000fd900000, 0x0000000100000000)
  eden space 246784K, 100% used [0x00000000eab00000,0x00000000f9c00000,0x00000000f9c00000)
  from space 20480K, 34% used [0x00000000fb700000,0x00000000fbdd7428,0x00000000fcb00000)
  to   space 27648K, 0% used [0x00000000f9c00000,0x00000000f9c00000,0x00000000fb700000)
 ParOldGen       total 83456K, used 44016K [0x00000000c0000000, 0x00000000c5180000, 0x00000000eab00000)
  object space 83456K, 52% used [0x00000000c0000000,0x00000000c2afc148,0x00000000c5180000)
 Metaspace       used 6574K, capacity 7320K, committed 7680K, reserved 1056768K
  class space    used 624K, capacity 656K, committed 768K, reserved 1048576K

