# JRE version: Java(TM) SE Runtime Environment (8.0_60-b27) (build 1.8.0_60-b27)
# Java VM: Java HotSpot(TM) 64-Bit Server VM (25.60-b23 mixed mode windows-amd64 compressed oops)
Heap:
 PSYoungGen      total 230912K, used 114173K [0x00000000eab00000, 0x0000000100000000, 0x0000000100000000)
  eden space 116736K, 0% used [0x00000000eab00000,0x00000000eab00000,0x00000000f1d00000)
  from space 114176K, 99% used [0x00000000f9080000,0x00000000fffff6a0,0x0000000100000000)
  to   space 116224K, 0% used [0x00000000f1d00000,0x00000000f1d00000,0x00000000f8e80000)
 ParOldGen       total 536576K, used 484231K [0x00000000c0000000, 0x00000000e0c00000, 0x00000000eab00000)
  object space 536576K, 90% used [0x00000000c0000000,0x00000000dd8e1e98,0x00000000e0c00000)
 Metaspace       used 6657K, capacity 7320K, committed 7680K, reserved 1056768K
  class space    used 627K, capacity 656K, committed 768K, reserved 1048576K
GC Heap History (10 events):
Event: 19.944 GC heap after
Heap after GC invocations=29 (full 5):
 PSYoungGen      total 222720K, used 37863K [0x00000000eab00000, 0x00000000ff600000, 0x0000000100000000)
  eden space 116736K, 0% used [0x00000000eab00000,0x00000000eab00000,0x00000000f1d00000)
  from space 105984K, 35% used [0x00000000f8e80000,0x00000000fb379cf8,0x00000000ff600000)
  to   space 111104K, 0% used [0x00000000f1d00000,0x00000000f1d00000,0x00000000f8980000)
 ParOldGen       total 536576K, used 404893K [0x00000000c0000000, 0x00000000e0c00000, 0x00000000eab00000)
  object space 536576K, 75% used [0x00000000c0000000,0x00000000d8b67558,0x00000000e0c00000)
 Metaspace       used 6657K, capacity 7320K, committed 7680K, reserved 1056768K
  class space    used 627K, capacity 656K, committed 768K, reserved 1048576K
}
Event: 20.526 GC heap before
{Heap before GC invocations=30 (full 5):
 PSYoungGen      total 222720K, used 154599K [0x00000000eab00000, 0x00000000ff600000, 0x0000000100000000)
  eden space 116736K, 100% used [0x00000000eab00000,0x00000000f1d00000,0x00000000f1d00000)
  from space 105984K, 35% used [0x00000000f8e80000,0x00000000fb379cf8,0x00000000ff600000)
  to   space 111104K, 0% used [0x00000000f1d00000,0x00000000f1d00000,0x00000000f8980000)
 ParOldGen       total 536576K, used 404893K [0x00000000c0000000, 0x00000000e0c00000, 0x00000000eab00000)
  object space 536576K, 75% used [0x00000000c0000000,0x00000000d8b67558,0x00000000e0c00000)
 Metaspace       used 6657K, capacity 7320K, committed 7680K, reserved 1056768K
  class space    used 627K, capacity 656K, committed 768K, reserved 1048576K
Event: 20.570 GC heap after
Heap after GC invocations=30 (full 5):
 PSYoungGen      total 227840K, used 32575K [0x00000000eab00000, 0x00000000ff900000, 0x0000000100000000)
  eden space 116736K, 0% used [0x00000000eab00000,0x00000000eab00000,0x00000000f1d00000)
  from space 111104K, 29% used [0x00000000f1d00000,0x00000000f3ccfe88,0x00000000f8980000)
  to   space 106496K, 0% used [0x00000000f9100000,0x00000000f9100000,0x00000000ff900000)
 ParOldGen       total 536576K, used 404893K [0x00000000c0000000, 0x00000000e0c00000, 0x00000000eab00000)
  object space 536576K, 75% used [0x00000000c0000000,0x00000000d8b67558,0x00000000e0c00000)
 Metaspace       used 6657K, capacity 7320K, committed 7680K, reserved 1056768K
  class space    used 627K, capacity 656K, committed 768K, reserved 1048576K
}
Event: 21.489 GC heap before
{Heap before GC invocations=31 (full 5):
 PSYoungGen      total 227840K, used 149311K [0x00000000eab00000, 0x00000000ff900000, 0x0000000100000000)
  eden space 116736K, 100% used [0x00000000eab00000,0x00000000f1d00000,0x00000000f1d00000)
  from space 111104K, 29% used [0x00000000f1d00000,0x00000000f3ccfe88,0x00000000f8980000)
  to   space 106496K, 0% used [0x00000000f9100000,0x00000000f9100000,0x00000000ff900000)
 ParOldGen       total 536576K, used 404893K [0x00000000c0000000, 0x00000000e0c00000, 0x00000000eab00000)
  object space 536576K, 75% used [0x00000000c0000000,0x00000000d8b67558,0x00000000e0c00000)
 Metaspace       used 6657K, capacity 7320K, committed 7680K, reserved 1056768K
  class space    used 627K, capacity 656K, committed 768K, reserved 1048576K
Event: 21.571 GC heap after
Heap after GC invocations=31 (full 5):
 PSYoungGen      total 227328K, used 81391K [0x00000000eab00000, 0x0000000100000000, 0x0000000100000000)
  eden space 120832K, 0% used [0x00000000eab00000,0x00000000eab00000,0x00000000f2100000)
  from space 106496K, 76% used [0x00000000f9100000,0x00000000fe07bed8,0x00000000ff900000)
  to   space 114176K, 0% used [0x00000000f2100000,0x00000000f2100000,0x00000000f9080000)
 ParOldGen       total 536576K, used 404893K [0x00000000c0000000, 0x00000000e0c00000, 0x00000000eab00000)
  object space 536576K, 75% used [0x00000000c0000000,0x00000000d8b67558,0x00000000e0c00000)
 Metaspace       used 6657K, capacity 7320K, committed 7680K, reserved 1056768K
  class space    used 627K, capacity 656K, committed 768K, reserved 1048576K
}
Event: 21.648 GC heap before
{Heap before GC invocations=32 (full 5):
 PSYoungGen      total 227328K, used 202223K [0x00000000eab00000, 0x0000000100000000, 0x0000000100000000)
  eden space 120832K, 100% used [0x00000000eab00000,0x00000000f2100000,0x00000000f2100000)
  from space 106496K, 76% used [0x00000000f9100000,0x00000000fe07bed8,0x00000000ff900000)
  to   space 114176K, 0% used [0x00000000f2100000,0x00000000f2100000,0x00000000f9080000)
 ParOldGen       total 536576K, used 404893K [0x00000000c0000000, 0x00000000e0c00000, 0x00000000eab00000)
  object space 536576K, 75% used [0x00000000c0000000,0x00000000d8b67558,0x00000000e0c00000)
 Metaspace       used 6657K, capacity 7320K, committed 7680K, reserved 1056768K
  class space    used 627K, capacity 656K, committed 768K, reserved 1048576K
Event: 21.750 GC heap after
Heap after GC invocations=32 (full 5):
 PSYoungGen      total 235008K, used 114148K [0x00000000eab00000, 0x0000000100000000, 0x0000000100000000)
  eden space 120832K, 0% used [0x00000000eab00000,0x00000000eab00000,0x00000000f2100000)
  from space 114176K, 99% used [0x00000000f2100000,0x00000000f9079208,0x00000000f9080000)
  to   space 114176K, 0% used [0x00000000f9080000,0x00000000f9080000,0x0000000100000000)
 ParOldGen       total 536576K, used 438063K [0x00000000c0000000, 0x00000000e0c00000, 0x00000000eab00000)
  object space 536576K, 81% used [0x00000000c0000000,0x00000000dabcbfc0,0x00000000e0c00000)
 Metaspace       used 6657K, capacity 7320K, committed 7680K, reserved 1056768K
  class space    used 627K, capacity 656K, committed 768K, reserved 1048576K
}
Event: 21.911 GC heap before
{Heap before GC invocations=33 (full 5):
 PSYoungGen      total 235008K, used 234980K [0x00000000eab00000, 0x0000000100000000, 0x0000000100000000)
  eden space 120832K, 100% used [0x00000000eab00000,0x00000000f2100000,0x00000000f2100000)
  from space 114176K, 99% used [0x00000000f2100000,0x00000000f9079208,0x00000000f9080000)
  to   space 114176K, 0% used [0x00000000f9080000,0x00000000f9080000,0x0000000100000000)
 ParOldGen       total 536576K, used 438063K [0x00000000c0000000, 0x00000000e0c00000, 0x00000000eab00000)
  object space 536576K, 81% used [0x00000000c0000000,0x00000000dabcbfc0,0x00000000e0c00000)
 Metaspace       used 6657K, capacity 7320K, committed 7680K, reserved 1056768K
  class space    used 627K, capacity 656K, committed 768K, reserved 1048576K
Event: 22.038 GC heap after
Heap after GC invocations=33 (full 5):
 PSYoungGen      total 230912K, used 114173K [0x00000000eab00000, 0x0000000100000000, 0x0000000100000000)
  eden space 116736K, 0% used [0x00000000eab00000,0x00000000eab00000,0x00000000f1d00000)
  from space 114176K, 99% used [0x00000000f9080000,0x00000000fffff6a0,0x0000000100000000)
  to   space 116224K, 0% used [0x00000000f1d00000,0x00000000f1d00000,0x00000000f8e80000)
 ParOldGen       total 536576K, used 484231K [0x00000000c0000000, 0x00000000e0c00000, 0x00000000eab00000)
  object space 536576K, 90% used [0x00000000c0000000,0x00000000dd8e1e98,0x00000000e0c00000)
 Metaspace       used 6657K, capacity 7320K, committed 7680K, reserved 1056768K
  class space    used 627K, capacity 656K, committed 768K, reserved 1048576K
}
Event: 22.038 GC heap before
{Heap before GC invocations=34 (full 6):
 PSYoungGen      total 230912K, used 114173K [0x00000000eab00000, 0x0000000100000000, 0x0000000100000000)
  eden space 116736K, 0% used [0x00000000eab00000,0x00000000eab00000,0x00000000f1d00000)
  from space 114176K, 99% used [0x00000000f9080000,0x00000000fffff6a0,0x0000000100000000)
  to   space 116224K, 0% used [0x00000000f1d00000,0x00000000f1d00000,0x00000000f8e80000)
 ParOldGen       total 536576K, used 484231K [0x00000000c0000000, 0x00000000e0c00000, 0x00000000eab00000)
  object space 536576K, 90% used [0x00000000c0000000,0x00000000dd8e1e98,0x00000000e0c00000)
 Metaspace       used 6657K, capacity 7320K, committed 7680K, reserved 1056768K
  class space    used 627K, capacity 656K, committed 768K, reserved 1048576K

